<?xml version="1.0" encoding="UTF-8"?>
<!-- Generated by org.testng.reporters.JUnitXMLReporter -->
<testsuite ignored="6" hostname="DESKTOP-U4BG2GH" failures="0" tests="3" name="groupingtests" time="0.114" errors="0" timestamp="2024-07-15T21:05:39 IST">
  <testcase classname="DependencyMethod.PaymentTest" name="PaymentByPhonepay" time="0.016"/>
  <testcase classname="DependencyMethod.PaymentTest" name="PaymentByGooglepay" time="0.006"/>
  <testcase classname="DependencyMethod.PaymentTest" name="PaymentBypaytm" time="0.003"/>
  <testcase classname="DependencyMethod.LoginTest" name="LoginByFaceBook" time="0.0">
    <ignored/>
  </testcase> <!-- LoginByFaceBook -->
  <testcase classname="DependencyMethod.SignUpTest" name="SignupByMobileNumber" time="0.0">
    <ignored/>
  </testcase> <!-- SignupByMobileNumber -->
  <testcase classname="DependencyMethod.SignUpTest" name="SignupByemail" time="0.0">
    <ignored/>
  </testcase> <!-- SignupByemail -->
  <testcase classname="DependencyMethod.SignUpTest" name="SignupByFaceBook" time="0.0">
    <ignored/>
  </testcase> <!-- SignupByFaceBook -->
  <testcase classname="DependencyMethod.LoginTest" name="LoginByMobilenumber" time="0.0">
    <ignored/>
  </testcase> <!-- LoginByMobilenumber -->
  <testcase classname="DependencyMethod.LoginTest" name="LoginByemail" time="0.0">
    <ignored/>
  </testcase> <!-- LoginByemail -->
</testsuite> <!-- groupingtests -->
