<?xml version="1.0" encoding="UTF-8"?>
<!-- Generated by org.testng.reporters.JUnitXMLReporter -->
<testsuite ignored="0" hostname="DESKTOP-U4BG2GH" failures="0" tests="10" name="Test" time="16.622" errors="0" timestamp="2024-07-02T21:31:18 IST">
  <testcase classname="TestNGClass.TestNgClass1" name="testcase1" time="0.011"/>
  <testcase classname="TestNGClass.TestNgClass1" name="testcase3" time="0.002"/>
  <testcase classname="TestNGClass.TestNgClass1" name="testcase2" time="0.01"/>
  <testcase classname="TestNGClass.LoginPage" name="Openapp" time="13.857"/>
  <testcase classname="TestNGClass.LoginPage" name="testlogo" time="0.737"/>
  <testcase classname="TestNGClass.LoginPage" name="testlogin" time="1.895"/>
  <testcase classname="TestNGClass.LoginPage" name="logout" time="0.002"/>
  <testcase classname="TestNGClass.FirstClass" name="Openapp" time="0.001"/>
  <testcase classname="TestNGClass.FirstClass" name="Login" time="0.002"/>
  <testcase classname="TestNGClass.FirstClass" name="Logout" time="0.001"/>
</testsuite> <!-- Test -->
