<?xml version="1.0" encoding="UTF-8"?>
<testng-results ignored="0" total="1" passed="1" failed="0" skipped="0">
  <reporter-output>
  </reporter-output>
  <suite started-at="2024-07-28T10:41:05 IST" name="Default suite" finished-at="2024-07-28T10:43:39 IST" duration-ms="154472">
    <groups>
    </groups>
    <test started-at="2024-07-28T10:41:05 IST" name="Default test" finished-at="2024-07-28T10:43:39 IST" duration-ms="154472">
      <class name="dataProvider.DataProviderClass">
        <test-method is-config="true" signature="setup()[pri:0, instance:dataProvider.DataProviderClass@242b836]" started-at="2024-07-28T10:41:05 IST" name="setup" finished-at="2024-07-28T10:42:53 IST" duration-ms="107760" status="PASS">
          <reporter-output>
          </reporter-output>
        </test-method> <!-- setup -->
        <test-method signature="Login()[pri:0, instance:dataProvider.DataProviderClass@242b836]" started-at="2024-07-28T10:42:53 IST" name="Login" finished-at="2024-07-28T10:43:39 IST" duration-ms="46552" status="PASS">
          <reporter-output>
          </reporter-output>
        </test-method> <!-- Login -->
        <test-method is-config="true" signature="tearDown()[pri:0, instance:dataProvider.DataProviderClass@242b836]" started-at="2024-07-28T10:43:39 IST" name="tearDown" finished-at="2024-07-28T10:43:39 IST" duration-ms="5" status="PASS">
          <reporter-output>
          </reporter-output>
        </test-method> <!-- tearDown -->
      </class> <!-- dataProvider.DataProviderClass -->
    </test> <!-- Default test -->
  </suite> <!-- Default suite -->
</testng-results>
